            identifier type_color
identifier                       
bug                104       cyan
dark                94      olive
dragon             107     maroon
electric           110     yellow
fairy               83      brown
fighting           100    magenta
fire               103       blue
flying             149        red
ghost               92      black
grass              152    crimson
ground              93       pink
ice                 66      green
normal             158       navy
poison             102       teal
psychic            136     purple
rock               102     indigo
steel               91  turquoise
water              186       gold